<?xml version="1.0" encoding="UTF-8"?>
<!-- Generated by org.testng.reporters.JUnitXMLReporter -->
<testsuite ignored="0" hostname="LAPTOP-3LO9Q1DD" failures="0" tests="4" name="Test" time="31.023" errors="0" timestamp="2021-12-15T13:44:39 IST">
  <testcase classname="Academy.E2EProject.HomePage" name="basePageNavigation" time="10.034"/>
  <testcase classname="Academy.E2EProject.HomePage" name="basePageNavigation" time="2.812"/>
  <testcase classname="Academy.E2EProject.validateNavBar" name="basePageNavigation" time="0.126"/>
  <testcase classname="Academy.E2EProject.validateTitle" name="basePageNavigation" time="0.05"/>
</testsuite> <!-- Test -->
