<?xml version="1.0" encoding="UTF-8"?>
<!-- Generated by org.testng.reporters.JUnitXMLReporter -->
<testsuite hostname="LAPTOP-3LO9Q1DD" ignored="0" name="Test" tests="4" failures="0" timestamp="2021-12-15T13:53:23 IST" time="25.697" errors="0">
  <testcase name="basePageNavigation" time="5.7" classname="Academy.E2EProject.HomePage"/>
  <testcase name="basePageNavigation" time="3.516" classname="Academy.E2EProject.HomePage"/>
  <testcase name="basePageNavigation" time="0.077" classname="Academy.E2EProject.validateNavBar"/>
  <testcase name="basePageNavigation" time="0.039" classname="Academy.E2EProject.validateTitle"/>
</testsuite> <!-- Test -->
