<?xml version="1.0" encoding="UTF-8"?>
<testsuite xmlns:xsi="http://www.w3.org/2001/XMLSchema-instance" xsi:noNamespaceSchemaLocation="https://maven.apache.org/surefire/maven-surefire-plugin/xsd/surefire-test-report-3.0.xsd" version="3.0" name="TestSuite" time="18.598" tests="4" errors="0" skipped="0" failures="0">
  <properties>
[...]
</properties>
  <testcase name="basePageNavigation" classname="Academy.E2EProject.validateNavBar" time="0.31">
    <system-err><![CDATA[SLF4J: Failed to load class "org.slf4j.impl.StaticLoggerBinder".
SLF4J: Defaulting to no-operation (NOP) logger implementation
SLF4J: See http://www.slf4j.org/codes.html#StaticLoggerBinder for further details.
SSStttaaarrrtittniignn ggC  hCChhrrrooomemmDreeDiDrriivvveree rr9  6.99066.4..60064...444566 66(7446e..44455 c ((177b66eeb442cca11bbbbb224aa6bb7446617711bbb888bbbeeebbbaaa333444444444eee661611ccc000fff111777555888444bb22bff2ccf--crr-eerffessf//sbb/rrbaarnnaccnhhc--hhh-eehaaeddassd//s44/66466446@@6{{4##@99{44#779}}4))7  }oo)nn   oppnoo rrptt  o65r3591t96 215

5OO7nn9ll4yy  
lloOocncalal lyc  coonlnnneocectctiaioonlsn s  acraoer en analellcloowtweiodend.s. a
r
eP Plalellaeoaswese eds se.eee  h
thPttlptes:pass/e:/ /cs/herceoh mrheomdtretdiprvsie:rv/e./rcc.hhrcrhoomrmioeumdimru.imov.reogrr/.sgc/ehscrueorcmuiitriyut-m.yco-oncrosgni/sdseierdcuaertriaittoyni-soc nofsn osfrio drseu ragstguigeosgntessi otfinoros n ssou ngo gnke esektpeieiopnngis n gCo hrCnoh rmkoeeDmerepiiDnrvgei vrCe hrrso amsfeaeDf.rei
.ver
 safe.
ChroCmhreDomrievDerri vwera wsas s sttaarrtteedd  ssuucccceessssffuullllyy..

ChromeDriver was started successfully.
Dec 15, 2021 4:46:47 PM org.openqa.selenium.remote.ProtocolHandshake createSession
INFO: Detected dialect: W3C
Dec 15, 2021 4:46:47 PM org.openqa.selenium.remote.ProtocolHandshake createSession
INFO: Detected dialect: W3C
Dec 15, 2021 4:46:47 PM org.openqa.selenium.remote.ProtocolHandshake createSession
INFO: Detected dialect: W3C
Dec 15, 2021 4:46:47 PM org.openqa.selenium.devtools.CdpVersionFinder findNearestMatch
INFO: Found exact CDP implementation for version 96
Dec 15, 2021 4:46:47 PM org.openqa.selenium.devtools.CdpVersionFinder findNearestMatch
INFO: Found exact CDP implementation for version 96
Dec 15, 2021 4:46:47 PM org.openqa.selenium.devtools.CdpVersionFinder findNearestMatch
INFO: Found exact CDP implementation for version 96
]]></system-err>
  </testcase>
  <testcase name="validateAppTitle" classname="Academy.E2EProject.validateTitle" time="0.059"/>
  <testcase name="basePageNavigation[nonrestricteduser@qw.com, 12345](1)" classname="Academy.E2EProject.HomePage" time="1.033"/>
  <testcase name="basePageNavigation[restricteduser@qw.com, 456456456](2)" classname="Academy.E2EProject.HomePage" time="2.619"/>
</testsuite>