<?xml version="1.0" encoding="UTF-8"?>
<testng-results skipped="0" failed="0" ignored="0" total="4" passed="4">
  <reporter-output>
  </reporter-output>
  <suite name="Suite" duration-ms="17025" started-at="2021-12-15T16:46:42 IST" finished-at="2021-12-15T16:46:59 IST">
    <groups>
    </groups>
    <test name="Validating landing page is correct" duration-ms="14203" started-at="2021-12-15T16:46:42 IST" finished-at="2021-12-15T16:46:56 IST">
      <class name="Academy.E2EProject.validateTitle">
        <test-method status="PASS" signature="setup()[pri:0, instance:Academy.E2EProject.validateTitle@245833]" name="setup" is-config="true" duration-ms="13020" started-at="2021-12-15T16:46:42 IST" finished-at="2021-12-15T16:46:55 IST">
          <reporter-output>
          </reporter-output>
        </test-method> <!-- setup -->
        <test-method status="PASS" signature="validateAppTitle()[pri:0, instance:Academy.E2EProject.validateTitle@245833]" name="validateAppTitle" duration-ms="60" started-at="2021-12-15T16:46:55 IST" finished-at="2021-12-15T16:46:55 IST">
          <reporter-output>
          </reporter-output>
        </test-method> <!-- validateAppTitle -->
        <test-method status="PASS" signature="tearDown()[pri:0, instance:Academy.E2EProject.validateTitle@245833]" name="tearDown" is-config="true" duration-ms="1120" started-at="2021-12-15T16:46:55 IST" finished-at="2021-12-15T16:46:56 IST">
          <reporter-output>
          </reporter-output>
        </test-method> <!-- tearDown -->
      </class> <!-- Academy.E2EProject.validateTitle -->
    </test> <!-- Validating landing page is correct -->
    <test name="Validating navigation bar" duration-ms="13805" started-at="2021-12-15T16:46:42 IST" finished-at="2021-12-15T16:46:55 IST">
      <class name="Academy.E2EProject.validateNavBar">
        <test-method status="PASS" signature="setup()[pri:0, instance:Academy.E2EProject.validateNavBar@f53b8a]" name="setup" is-config="true" duration-ms="12000" started-at="2021-12-15T16:46:42 IST" finished-at="2021-12-15T16:46:54 IST">
          <reporter-output>
          </reporter-output>
        </test-method> <!-- setup -->
        <test-method status="PASS" signature="basePageNavigation()[pri:0, instance:Academy.E2EProject.validateNavBar@f53b8a]" name="basePageNavigation" duration-ms="287" started-at="2021-12-15T16:46:54 IST" finished-at="2021-12-15T16:46:54 IST">
          <reporter-output>
          </reporter-output>
        </test-method> <!-- basePageNavigation -->
        <test-method status="PASS" signature="tearDown()[pri:0, instance:Academy.E2EProject.validateNavBar@f53b8a]" name="tearDown" is-config="true" duration-ms="1483" started-at="2021-12-15T16:46:54 IST" finished-at="2021-12-15T16:46:55 IST">
          <reporter-output>
          </reporter-output>
        </test-method> <!-- tearDown -->
      </class> <!-- Academy.E2EProject.validateNavBar -->
    </test> <!-- Validating navigation bar -->
    <test name="login to application" duration-ms="17025" started-at="2021-12-15T16:46:42 IST" finished-at="2021-12-15T16:46:59 IST">
      <class name="Academy.E2EProject.HomePage">
        <test-method status="PASS" signature="setup()[pri:0, instance:Academy.E2EProject.HomePage@3cf2ba]" name="setup" is-config="true" duration-ms="5661" started-at="2021-12-15T16:46:42 IST" finished-at="2021-12-15T16:46:47 IST">
          <reporter-output>
          </reporter-output>
        </test-method> <!-- setup -->
        <test-method status="PASS" signature="basePageNavigation(java.lang.String,java.lang.String)[pri:0, instance:Academy.E2EProject.HomePage@3cf2ba]" name="basePageNavigation" duration-ms="8305" started-at="2021-12-15T16:46:47 IST" data-provider="getData" finished-at="2021-12-15T16:46:56 IST">
          <params>
            <param index="0">
              <value>
                <![CDATA[nonrestricteduser@qw.com]]>
              </value>
            </param>
            <param index="1">
              <value>
                <![CDATA[12345]]>
              </value>
            </param>
          </params>
          <reporter-output>
          </reporter-output>
        </test-method> <!-- basePageNavigation -->
        <test-method status="PASS" signature="basePageNavigation(java.lang.String,java.lang.String)[pri:0, instance:Academy.E2EProject.HomePage@3cf2ba]" name="basePageNavigation" duration-ms="2618" started-at="2021-12-15T16:46:56 IST" data-provider="getData" finished-at="2021-12-15T16:46:58 IST">
          <params>
            <param index="0">
              <value>
                <![CDATA[restricteduser@qw.com]]>
              </value>
            </param>
            <param index="1">
              <value>
                <![CDATA[456456456]]>
              </value>
            </param>
          </params>
          <reporter-output>
          </reporter-output>
        </test-method> <!-- basePageNavigation -->
        <test-method status="PASS" signature="tearDown()[pri:0, instance:Academy.E2EProject.HomePage@3cf2ba]" name="tearDown" is-config="true" duration-ms="349" started-at="2021-12-15T16:46:58 IST" finished-at="2021-12-15T16:46:59 IST">
          <reporter-output>
          </reporter-output>
        </test-method> <!-- tearDown -->
      </class> <!-- Academy.E2EProject.HomePage -->
    </test> <!-- login to application -->
  </suite> <!-- Suite -->
</testng-results>
